# Dependencies
bat
btop
brightnessctl
cava
cliphist
dunst
eza
fastfetch
fd
ffmpegthumbs
file-roller
fzf
gnome-calculator
gnome-calendar
gnome-keyring
hypridle
hyprland
hyprlock
imagemagick
kitty
ly
loupe
matugen
nautilus
nftables
noto-fonts
oh-my-posh-bin
pacman-contrib
pipewire
pipewire-alsa
pipewire-audio
pipewire-pulse
polkit-gnome
power-profiles-daemon
python-dbus
qt5-imageformats
qt5-wayland
qt6-wayland
rofi-wayland
slurp
stow
swww
thermald
thefuck
ttf-all-the-icons
ttf-cascadia-code-nerd
ttf-font-awesome
ttf-iosevka-nerd
ttf-nerd-fonts-symbols-common
ttf-nerd-fonts-symbols-mono
ttf-tabler-icons
udiskie
waybar
wl-clipboard
wf-recorder
wireplumber
xdg-desktop-portal-hyprland
xdg-desktop-portal-gtk
xdg-user-dirs-gtk
zsh
zoxide
